{"/home/conrardy/jest-games/backend-package-object-helpers/src/modules/shared/helpers/decodeObject.ts": {"path":"/home/conrardy/jest-games/backend-package-object-helpers/src/modules/shared/helpers/decodeObject.ts","statementMap":{"0":{"start":{"line":6,"column":28},"end":{"line":9,"column":1}},"1":{"start":{"line":8,"column":2},"end":{"line":8,"column":69}},"2":{"start":{"line":6,"column":13},"end":{"line":6,"column":28}}},"fnMap":{"0":{"name":"(anonymous_0)","decl":{"start":{"line":6,"column":28},"end":{"line":6,"column":32}},"loc":{"start":{"line":6,"column":60},"end":{"line":9,"column":1}}}},"branchMap":{},"s":{"0":2,"1":2,"2":2},"f":{"0":2},"b":{}}
,"/home/conrardy/jest-games/backend-package-object-helpers/src/modules/shared/helpers/encodeObject.ts": {"path":"/home/conrardy/jest-games/backend-package-object-helpers/src/modules/shared/helpers/encodeObject.ts","statementMap":{"0":{"start":{"line":6,"column":28},"end":{"line":9,"column":1}},"1":{"start":{"line":8,"column":2},"end":{"line":8,"column":71}},"2":{"start":{"line":6,"column":13},"end":{"line":6,"column":28}}},"fnMap":{"0":{"name":"(anonymous_0)","decl":{"start":{"line":6,"column":28},"end":{"line":6,"column":32}},"loc":{"start":{"line":6,"column":60},"end":{"line":9,"column":1}}}},"branchMap":{},"s":{"0":2,"1":2,"2":2},"f":{"0":2},"b":{}}
}
